<?xml version="1.0" encoding="UTF-8"?>
<!-- Generated by org.testng.reporters.JUnitXMLReporter -->
<testsuite hostname="Akshan-PC" ignored="0" name="Test" tests="1" failures="1" timestamp="2019-12-14T16:26:17 IST" time="0.085" errors="0">
  <testcase name="verifyProduct" time="0.026" classname="org.amazon.testcases.BuyProduct">
    <failure type="java.lang.NullPointerException">
      <![CDATA[java.lang.NullPointerException
at org.amazon.pages.HomePage.verifyTitle(HomePage.java:12)
at org.amazon.testcases.BuyProduct.verifyProduct(BuyProduct.java:18)
at java.util.ArrayList.forEach(Unknown Source)
... Removed 28 stack frames]]>
    </failure>
  </testcase> <!-- verifyProduct -->
</testsuite> <!-- Test -->
