<?xml version="1.0" encoding="UTF-8"?>
<testng-results skipped="0" failed="0" ignored="0" total="2" passed="2">
  <reporter-output>
  </reporter-output>
  <suite name="Suite" duration-ms="107951" started-at="2019-12-14T17:33:38 IST" finished-at="2019-12-14T17:35:26 IST">
    <groups>
    </groups>
    <test name="Test" duration-ms="107951" started-at="2019-12-14T17:33:38 IST" finished-at="2019-12-14T17:35:26 IST">
      <class name="org.amazon.testcases.BuyProduct">
        <test-method status="PASS" signature="setData()[pri:0, instance:org.amazon.testcases.BuyProduct@95a785]" name="setData" is-config="true" duration-ms="68" started-at="2019-12-14T17:33:38 IST" finished-at="2019-12-14T17:33:38 IST">
          <reporter-output>
          </reporter-output>
        </test-method> <!-- setData -->
        <test-method status="PASS" signature="login()[pri:0, instance:org.amazon.testcases.BuyProduct@95a785]" name="login" is-config="true" duration-ms="22282" started-at="2019-12-14T17:33:41 IST" finished-at="2019-12-14T17:34:04 IST">
          <reporter-output>
          </reporter-output>
        </test-method> <!-- login -->
        <test-method status="PASS" signature="verifyProduct(java.lang.String)[pri:0, instance:org.amazon.testcases.BuyProduct@95a785]" name="verifyProduct" duration-ms="34745" started-at="2019-12-14T17:34:04 IST" data-provider="provideData" finished-at="2019-12-14T17:34:38 IST">
          <params>
            <param index="0">
              <value>
                <![CDATA[Samsung Galaxy M30]]>
              </value>
            </param>
          </params>
          <reporter-output>
          </reporter-output>
        </test-method> <!-- verifyProduct -->
        <test-method status="PASS" signature="closeBrowser()[pri:0, instance:org.amazon.testcases.BuyProduct@95a785]" name="closeBrowser" is-config="true" duration-ms="95" started-at="2019-12-14T17:34:38 IST" finished-at="2019-12-14T17:34:39 IST">
          <reporter-output>
          </reporter-output>
        </test-method> <!-- closeBrowser -->
        <test-method status="PASS" signature="login()[pri:0, instance:org.amazon.testcases.BuyProduct@95a785]" name="login" is-config="true" duration-ms="10916" started-at="2019-12-14T17:34:39 IST" finished-at="2019-12-14T17:34:49 IST">
          <reporter-output>
          </reporter-output>
        </test-method> <!-- login -->
        <test-method status="PASS" signature="verifyProduct(java.lang.String)[pri:0, instance:org.amazon.testcases.BuyProduct@95a785]" name="verifyProduct" duration-ms="34148" started-at="2019-12-14T17:34:49 IST" data-provider="provideData" finished-at="2019-12-14T17:35:24 IST">
          <params>
            <param index="0">
              <value>
                <![CDATA[oneplus 7 pro mobiles]]>
              </value>
            </param>
          </params>
          <reporter-output>
          </reporter-output>
        </test-method> <!-- verifyProduct -->
        <test-method status="PASS" signature="closeBrowser()[pri:0, instance:org.amazon.testcases.BuyProduct@95a785]" name="closeBrowser" is-config="true" duration-ms="2432" started-at="2019-12-14T17:35:24 IST" finished-at="2019-12-14T17:35:26 IST">
          <reporter-output>
          </reporter-output>
        </test-method> <!-- closeBrowser -->
      </class> <!-- org.amazon.testcases.BuyProduct -->
    </test> <!-- Test -->
  </suite> <!-- Suite -->
</testng-results>
